[debug] [2022-05-08T10:32:07.009Z] ----------------------------------------------------------------------
[debug] [2022-05-08T10:32:07.011Z] Command:       C:\Program Files\nodejs\node.exe C:\Users\HP\AppData\Roaming\npm\node_modules\firebase-tools\lib\bin\firebase.js init
[debug] [2022-05-08T10:32:07.012Z] CLI Version:   10.8.0
[debug] [2022-05-08T10:32:07.012Z] Platform:      win32
[debug] [2022-05-08T10:32:07.012Z] Node Version:  v16.13.1
[debug] [2022-05-08T10:32:07.024Z] Time:          Sun May 08 2022 16:32:07 GMT+0600 (Bangladesh Standard Time)
[debug] [2022-05-08T10:32:07.025Z] ----------------------------------------------------------------------
[debug] 
[debug] [2022-05-08T10:32:07.029Z] >>> [apiv2][query] GET https://firebase-public.firebaseio.com/cli.json [none]
[debug] [2022-05-08T10:32:07.056Z] > command requires scopes: ["email","openid","https://www.googleapis.com/auth/cloudplatformprojects.readonly","https://www.googleapis.com/auth/firebase","https://www.googleapis.com/auth/cloud-platform"]
[debug] [2022-05-08T10:32:07.056Z] > authorizing via signed-in user (mahabub895alam@gmail.com)
[info] 
     ######## #### ########  ######## ########     ###     ######  ########
     ##        ##  ##     ## ##       ##     ##  ##   ##  ##       ##
     ######    ##  ########  ######   ########  #########  ######  ######
     ##        ##  ##    ##  ##       ##     ## ##     ##       ## ##
     ##       #### ##     ## ######## ########  ##     ##  ######  ########

You're about to initialize a Firebase project in this directory:

  C:\projects\getcrecking-gears-assignment11

Before we get started, keep in mind:

  * You are currently outside your home directory

[debug] [2022-05-08T10:32:08.006Z] <<< [apiv2][status] GET https://firebase-public.firebaseio.com/cli.json 200
[debug] [2022-05-08T10:32:08.006Z] <<< [apiv2][body] GET https://firebase-public.firebaseio.com/cli.json {"cloudBuildErrorAfter":1594252800000,"cloudBuildWarnAfter":1590019200000,"defaultNode10After":1594252800000,"minVersion":"3.0.5","node8DeploysDisabledAfter":1613390400000,"node8RuntimeDisabledAfter":1615809600000,"node8WarnAfter":1600128000000}
[info] 
=== Project Setup
[info] 
[info] First, let's associate this project directory with a Firebase project.
[info] You can create multiple project aliases by running firebase use --add, 
[info] but for now we'll just set up a default project.
[info] 
[debug] [2022-05-08T10:32:33.156Z] > refreshing access token with scopes: []
[debug] [2022-05-08T10:32:33.163Z] >>> HTTP REQUEST POST https://www.googleapis.com/oauth2/v3/token  
 <request body omitted>
[debug] [2022-05-08T10:32:33.396Z] <<< HTTP RESPONSE 200 {"cache-control":"no-cache, no-store, max-age=0, must-revalidate","pragma":"no-cache","expires":"Mon, 01 Jan 1990 00:00:00 GMT","date":"Sun, 08 May 2022 10:33:57 GMT","content-type":"application/json; charset=utf-8","vary":"X-Origin, Referer, Origin,Accept-Encoding","server":"scaffolding on HTTPServer2","x-xss-protection":"0","x-frame-options":"SAMEORIGIN","x-content-type-options":"nosniff","alt-svc":"h3=\":443\"; ma=2592000,h3-29=\":443\"; ma=2592000,h3-Q050=\":443\"; ma=2592000,h3-Q046=\":443\"; ma=2592000,h3-Q043=\":443\"; ma=2592000,quic=\":443\"; ma=2592000; v=\"46,43\"","accept-ranges":"none","transfer-encoding":"chunked"}
[debug] [2022-05-08T10:32:33.419Z] >>> [apiv2][query] GET https://firebase.googleapis.com/v1beta1/projects pageSize=100
[debug] [2022-05-08T10:32:34.511Z] <<< [apiv2][status] GET https://firebase.googleapis.com/v1beta1/projects 200
[debug] [2022-05-08T10:32:34.512Z] <<< [apiv2][body] GET https://firebase.googleapis.com/v1beta1/projects [omitted]
[info] i  Using project getcracking-gears (getcracking-gears) 
[info] 
=== Hosting Setup
[info] 
[info] Your public directory is the folder (relative to your project directory) that
[info] will contain Hosting assets to be uploaded with firebase deploy. If you
[info] have a build process for your assets, use your build's output directory.
[info] 
[info] +  Wrote build/404.html 
[debug] [2022-05-08T10:33:12.526Z] >>> [apiv2][query] GET https://www.gstatic.com/firebasejs/releases.json [none]
[debug] [2022-05-08T10:33:12.679Z] <<< [apiv2][status] GET https://www.gstatic.com/firebasejs/releases.json 200
[debug] [2022-05-08T10:33:12.680Z] <<< [apiv2][body] GET https://www.gstatic.com/firebasejs/releases.json {"current":{"version":"9.8.0","browserURL":"https://www.gstatic.com/firebasejs/9.8.0/firebase.js","packageURL":"https://www.gstatic.com/firebasejs/9.8.0/firebase.tgz"},"live":{"version":"9.8","browserURL":"https://www.gstatic.com/firebasejs/live/9.8/firebase.js","packageURL":"https://www.gstatic.com/firebasejs/live/9.8/firebase.tgz"},"components":{"analytics":"https://www.gstatic.com/firebasejs/9.8.0/firebase-analytics.js","app":"https://www.gstatic.com/firebasejs/9.8.0/firebase-app.js","app-check":"https://www.gstatic.com/firebasejs/9.8.0/firebase-app-check.js","auth":"https://www.gstatic.com/firebasejs/9.8.0/firebase-auth.js","auth/cordova":"https://www.gstatic.com/firebasejs/9.8.0/firebase-auth/cordova.js","auth/react-native":"https://www.gstatic.com/firebasejs/9.8.0/firebase-auth/react-native.js","functions":"https://www.gstatic.com/firebasejs/9.8.0/firebase-functions.js","firestore":"https://www.gstatic.com/firebasejs/9.8.0/firebase-firestore.js","firestore/lite":"https://www.gstatic.com/firebasejs/9.8.0/firebase-firestore/lite.js","storage":"https://www.gstatic.com/firebasejs/9.8.0/firebase-storage.js","performance":"https://www.gstatic.com/firebasejs/9.8.0/firebase-performance.js","remote-config":"https://www.gstatic.com/firebasejs/9.8.0/firebase-remote-config.js","messaging":"https://www.gstatic.com/firebasejs/9.8.0/firebase-messaging.js","messaging/sw":"https://www.gstatic.com/firebasejs/9.8.0/firebase-messaging/sw.js","database":"https://www.gstatic.com/firebasejs/9.8.0/firebase-database.js","firestore.memory":"https://www.gstatic.com/firebasejs/9.8.0/firebase-firestore.memory.js"}}
[info] +  Wrote build/index.html 
[info] 
[info] i  Detected a .git folder at C:\projects\getcrecking-gears-assignment11 
[info] i  Authorizing with GitHub to upload your service account to a GitHub repository's secrets store. 
[info] 
[info] Visit this URL on this device to log in:
[info] https://github.com/login/oauth/authorize?client_id=89cf50f02ac6aaed3484&state=829213383&redirect_uri=http%3A%2F%2Flocalhost%3A9005&scope=read%3Auser%20repo%20public_repo
[info] 
[info] Waiting for authentication...
[debug] [2022-05-08T10:33:24.286Z] >>> HTTP REQUEST POST https://github.com/login/oauth/access_token  
 {"client_id":"89cf50f02ac6aaed3484","client_secret":"3330d14abc895d9a74d5f17cd7a00711fa2c5bf0","code":"d25f72f56c9219a4249c","redirect_uri":"http://localhost:9005","state":"829213383"}
[debug] [2022-05-08T10:33:24.762Z] <<< HTTP RESPONSE 200 {"server":"GitHub.com","date":"Sun, 08 May 2022 10:34:49 GMT","content-type":"application/json; charset=utf-8","transfer-encoding":"chunked","vary":"X-PJAX, X-PJAX-Container, Accept-Encoding, Accept, X-Requested-With","permissions-policy":"interest-cohort=()","etag":"W/\"bede2efe208489b1ce4001c646e161dd\"","cache-control":"max-age=0, private, must-revalidate","strict-transport-security":"max-age=31536000; includeSubdomains; preload","x-frame-options":"deny","x-content-type-options":"nosniff","x-xss-protection":"0","referrer-policy":"origin-when-cross-origin, strict-origin-when-cross-origin","expect-ct":"max-age=2592000, report-uri=\"https://api.github.com/_private/browser/errors\"","content-security-policy":"default-src 'none'; base-uri 'self'; block-all-mixed-content; child-src github.com/assets-cdn/worker/ gist.github.com/assets-cdn/worker/; connect-src 'self' uploads.github.com objects-origin.githubusercontent.com www.githubstatus.com collector.github.com raw.githubusercontent.com api.github.com github-cloud.s3.amazonaws.com github-production-repository-file-5c1aeb.s3.amazonaws.com github-production-upload-manifest-file-7fdce7.s3.amazonaws.com github-production-user-asset-6210df.s3.amazonaws.com cdn.optimizely.com logx.optimizely.com/v1/events translator.github.com *.actions.githubusercontent.com wss://*.actions.githubusercontent.com online.visualstudio.com/api/v1/locations github-production-repository-image-32fea6.s3.amazonaws.com github-production-release-asset-2e65be.s3.amazonaws.com insights.github.com wss://alive.github.com; font-src github.githubassets.com; form-action 'self' github.com gist.github.com objects-origin.githubusercontent.com; frame-ancestors 'none'; frame-src render.githubusercontent.com viewscreen.githubusercontent.com notebooks.githubusercontent.com; img-src 'self' data: github.githubassets.com identicons.github.com github-cloud.s3.amazonaws.com secured-user-images.githubusercontent.com/ *.githubusercontent.com; manifest-src 'self'; media-src github.com user-images.githubusercontent.com/; script-src github.githubassets.com; style-src 'unsafe-inline' github.githubassets.com; worker-src github.com/assets-cdn/worker/ gist.github.com/assets-cdn/worker/","x-github-request-id":"E5BA:52AB:2767FB:37BADC:62779CC8"}
[debug] [2022-05-08T10:33:24.771Z] >>> [apiv2][query] GET https://api.github.com/user [none]
[debug] [2022-05-08T10:33:25.249Z] <<< [apiv2][status] GET https://api.github.com/user 200
[debug] [2022-05-08T10:33:25.250Z] <<< [apiv2][body] GET https://api.github.com/user {"login":"Mahabub09","id":96789807,"node_id":"U_kgDOBcTlLw","avatar_url":"https://avatars.githubusercontent.com/u/96789807?v=4","gravatar_id":"","url":"https://api.github.com/users/Mahabub09","html_url":"https://github.com/Mahabub09","followers_url":"https://api.github.com/users/Mahabub09/followers","following_url":"https://api.github.com/users/Mahabub09/following{/other_user}","gists_url":"https://api.github.com/users/Mahabub09/gists{/gist_id}","starred_url":"https://api.github.com/users/Mahabub09/starred{/owner}{/repo}","subscriptions_url":"https://api.github.com/users/Mahabub09/subscriptions","organizations_url":"https://api.github.com/users/Mahabub09/orgs","repos_url":"https://api.github.com/users/Mahabub09/repos","events_url":"https://api.github.com/users/Mahabub09/events{/privacy}","received_events_url":"https://api.github.com/users/Mahabub09/received_events","type":"User","site_admin":false,"name":"Mahabub Alam ","company":null,"blog":"","location":null,"email":null,"hireable":null,"bio":null,"twitter_username":null,"public_repos":9,"public_gists":0,"followers":0,"following":0,"created_at":"2021-12-28T17:23:43Z","updated_at":"2022-04-28T19:05:07Z","private_gists":0,"total_private_repos":0,"owned_private_repos":0,"disk_usage":85745,"collaborators":0,"two_factor_authentication":false,"plan":{"name":"free","space":976562499,"collaborators":0,"private_repos":10000}}
[info] 
[info] +  Success! Logged into GitHub as Mahabub09 
[info] 
